2020-11-30 16:11:14,491 ERROR [root] [__init__.py(<module>:5)] - error
2020-11-30 16:11:14,492 INFO [root] [__init__.py(<module>:6)] - info
2020-11-30 16:11:38,826 ERROR [root] [__init__.py(<module>:5)] - error
2020-11-30 16:11:38,826 INFO [root] [__init__.py(<module>:6)] - info
2020-11-30 16:11:39,429 INFO [root] [test_login_params.py(setUpClass:19)] - sql1 = delete i.* from mb_member_info i inner join mb_member m on i.member_id = m.id where m.phone in (13017172525,13017172526,13017172527,13017172528,13017172529);
2020-11-30 16:11:39,683 INFO [root] [test_login_params.py(setUpClass:22)] - sql2 = delete l.* from mb_member_login_log l inner join mb_member m on l.member_id = m.id where m.phone in (13017172525,13017172526,13017172527,13017172528,13017172529);
2020-11-30 16:11:40,873 INFO [root] [test_login_params.py(setUpClass:25)] - sql3 = delete from mb_member where phone in (13017172525,13017172526,13017172527,13017172528,13017172529);
2020-11-30 16:11:41,117 INFO [root] [test_login_params.py(setUpClass:28)] - sql4 = delete from mb_member_register_log where phone in (13017172525,13017172526,13017172527,13017172528,13017172529);
2020-11-30 16:11:41,396 INFO [root] [test_login_params.py(test05_get_sms_code_success_param_is_true:116)] - response = {'status': 200, 'description': '短信发送成功'}
2020-11-30 16:11:41,674 INFO [root] [test_login_params.py(test06_get_sms_code_fail_img_code_is_wrong:138)] - response = {'status': 100, 'description': '图片验证码错误'}
2020-11-30 16:11:41,921 INFO [root] [test_login_params.py(test07_get_sms_code_fail_img_code_is_null:157)] - response = {'status': 100, 'description': '图片验证码错误'}
2020-11-30 16:11:42,183 INFO [root] [test_login_params.py(test08_get_sms_code_fail_phone_is_null:176)] - response = {'status': 100}
2020-11-30 16:11:42,316 INFO [root] [test_login_params.py(test09_get_sms_code_fail_no_img_code:187)] - response = {'status': 100, 'description': '图片验证码错误'}
2020-11-30 16:11:43,479 INFO [root] [test_login_params.py(test17_login_success:406)] - response = {'status': 100, 'description': '用户不存在'}
2020-11-30 16:11:43,621 INFO [root] [test_login_params.py(test18_login_fail_phone_is_null:415)] - response = {'status': 100, 'description': '用户名不能为空'}
2020-11-30 16:11:43,759 INFO [root] [test_login_params.py(test19_login_fail_pwd_is_null:424)] - response = {'status': 100, 'description': '密码不能为空'}
2020-11-30 16:11:43,910 INFO [root] [test_login_params.py(test20_login_fail_pwd_is_wrong:433)] - first response = {'status': 100, 'description': '用户不存在'}
2020-11-30 16:12:14,303 ERROR [root] [__init__.py(<module>:5)] - error
2020-11-30 16:12:14,304 INFO [root] [__init__.py(<module>:6)] - info
2020-11-30 16:12:14,950 INFO [root] [test_login_params.py(setUpClass:19)] - sql1 = delete i.* from mb_member_info i inner join mb_member m on i.member_id = m.id where m.phone in (13017172525,13017172526,13017172527,13017172528,13017172529);
2020-11-30 16:12:15,190 INFO [root] [test_login_params.py(setUpClass:22)] - sql2 = delete l.* from mb_member_login_log l inner join mb_member m on l.member_id = m.id where m.phone in (13017172525,13017172526,13017172527,13017172528,13017172529);
2020-11-30 16:12:15,379 INFO [root] [test_login_params.py(setUpClass:25)] - sql3 = delete from mb_member where phone in (13017172525,13017172526,13017172527,13017172528,13017172529);
2020-11-30 16:12:15,621 INFO [root] [test_login_params.py(setUpClass:28)] - sql4 = delete from mb_member_register_log where phone in (13017172525,13017172526,13017172527,13017172528,13017172529);
2020-11-30 16:12:17,729 INFO [root] [test_login_params.py(test01_get_img_code:54)] - response = <!doctype html><html lang="en"><head><title>HTTP Status 404 C Not Found</title><style type="text/css">body {font-family:Tahoma,Arial,sans-serif;} h1, h2, h3, b {color:white;background-color:#525D76;} h1 {font-size:22px;} h2 {font-size:16px;} h3 {font-size:14px;} p {font-size:12px;} a {color:black;} .line {height:1px;background-color:#525D76;border:none;}</style></head><body><h1>HTTP Status 404 C Not Found</h1><hr class="line" /><p><b>Type</b> Status Report</p><p><b>Message</b> /common/public/verifycode1/</p><p><b>Description</b> The origin server did not find a current representation for the target resource or is not willing to disclose that one exists.</p><hr class="line" /><h3>Apache Tomcat/7.0.99</h3></body></html>
2020-11-30 16:12:18,049 INFO [root] [test_login_params.py(test01_get_img_code:54)] - response = <!doctype html><html lang="en"><head><title>HTTP Status 400 C Bad Request</title><style type="text/css">body {font-family:Tahoma,Arial,sans-serif;} h1, h2, h3, b {color:white;background-color:#525D76;} h1 {font-size:22px;} h2 {font-size:16px;} h3 {font-size:14px;} p {font-size:12px;} a {color:black;} .line {height:1px;background-color:#525D76;border:none;}</style></head><body><h1>HTTP Status 400 C Bad Request</h1><hr class="line" /><p><b>Type</b> Status Report</p><p><b>Description</b> The server cannot or will not process the request due to something that is perceived to be a client error (e.g., malformed request syntax, invalid request message framing, or deceptive request routing).</p><hr class="line" /><h3>Apache Tomcat/7.0.99</h3></body></html>
2020-11-30 16:12:18,512 INFO [root] [test_login_params.py(test05_get_sms_code_success_param_is_true:116)] - response = {'status': 200, 'description': '短信发送成功'}
2020-11-30 16:12:18,886 INFO [root] [test_login_params.py(test06_get_sms_code_fail_img_code_is_wrong:138)] - response = {'status': 100, 'description': '图片验证码错误'}
2020-11-30 16:12:19,209 INFO [root] [test_login_params.py(test07_get_sms_code_fail_img_code_is_null:157)] - response = {'status': 100, 'description': '图片验证码错误'}
2020-11-30 16:12:19,472 INFO [root] [test_login_params.py(test08_get_sms_code_fail_phone_is_null:176)] - response = {'status': 100}
2020-11-30 16:12:19,619 INFO [root] [test_login_params.py(test09_get_sms_code_fail_no_img_code:187)] - response = {'status': 100, 'description': '图片验证码错误'}
2020-11-30 16:12:19,873 INFO [root] [test_login_params.py(test10_register:208)] - response = {'status': 200, 'description': '短信发送成功'}
2020-11-30 16:12:19,970 INFO [root] [test_login_params.py(test10_register:215)] - response = {'status': 200, 'data': {'isLogin': '1'}, 'description': '注册成功'}
2020-11-30 16:12:20,319 INFO [root] [test_login_params.py(test10_register:208)] - response = {'status': 200, 'description': '短信发送成功'}
2020-11-30 16:12:20,442 INFO [root] [test_login_params.py(test10_register:215)] - response = {'status': 200, 'data': {'isLogin': '1'}, 'description': '注册成功'}
2020-11-30 16:12:20,719 INFO [root] [test_login_params.py(test10_register:208)] - response = {'status': 200, 'description': '短信发送成功'}
2020-11-30 16:12:20,791 INFO [root] [test_login_params.py(test10_register:215)] - response = {'status': 100, 'description': '手机已存在!'}
2020-11-30 16:12:21,027 INFO [root] [test_login_params.py(test10_register:208)] - response = {'status': 200, 'description': '短信发送成功'}
2020-11-30 16:12:21,118 INFO [root] [test_login_params.py(test10_register:215)] - response = {'status': 200, 'data': {'isLogin': '1'}, 'description': '注册成功'}
2020-11-30 16:12:21,387 INFO [root] [test_login_params.py(test10_register:208)] - response = {'status': 200, 'description': '短信发送成功'}
2020-11-30 16:12:21,459 INFO [root] [test_login_params.py(test10_register:215)] - response = {'status': 100, 'description': '验证码错误!'}
2020-11-30 16:12:21,710 INFO [root] [test_login_params.py(test10_register:208)] - response = {'status': 200, 'description': '短信发送成功'}
2020-11-30 16:12:21,798 INFO [root] [test_login_params.py(test10_register:215)] - response = {'status': 100, 'description': '验证码错误'}
2020-11-30 16:12:22,038 INFO [root] [test_login_params.py(test10_register:208)] - response = {'status': 200, 'description': '短信发送成功'}
2020-11-30 16:12:22,126 INFO [root] [test_login_params.py(test10_register:215)] - response = {'status': 200, 'data': {'isLogin': '1'}, 'description': '注册成功'}
2020-11-30 16:12:22,280 INFO [root] [test_login_params.py(test17_login_success:406)] - response = {'status': 200, 'description': '登录成功'}
2020-11-30 16:12:22,421 INFO [root] [test_login_params.py(test18_login_fail_phone_is_null:415)] - response = {'status': 100, 'description': '用户名不能为空'}
2020-11-30 16:12:22,550 INFO [root] [test_login_params.py(test19_login_fail_pwd_is_null:424)] - response = {'status': 100, 'description': '密码不能为空'}
2020-11-30 16:12:22,712 INFO [root] [test_login_params.py(test20_login_fail_pwd_is_wrong:433)] - first response = {'status': 100, 'data': {'login_error': 2}, 'description': '密码错误1次,达到3次将锁定账户'}
2020-11-30 16:12:22,810 INFO [root] [test_login_params.py(test20_login_fail_pwd_is_wrong:437)] - secode response = {'status': 100, 'data': {'login_error': 3}, 'description': '密码错误2次,达到3次将锁定账户'}
2020-11-30 16:12:22,888 INFO [root] [test_login_params.py(test20_login_fail_pwd_is_wrong:441)] - third response = {'status': 100, 'description': '由于连续输入错误密码达到上限，账号已被锁定，请于1.0分钟后重新登录'}
2020-11-30 16:12:22,964 INFO [root] [test_login_params.py(test20_login_fail_pwd_is_wrong:445)] - forth response = {'status': 100, 'description': '由于连续输入错误密码达到上限，账号已被锁定，请于1.0分钟后重新登录'}
2020-11-30 16:13:23,062 INFO [root] [test_login_params.py(test20_login_fail_pwd_is_wrong:450)] - five response = {'status': 200, 'description': '登录成功'}
